<?xml version="1.0" encoding="UTF-8"?>
<!-- Generated by org.testng.reporters.JUnitReportReporter -->
<testsuite skipped="0" hostname="Alain-workstation" name="testCases.Get_Read_specific_product" tests="1" failures="0" timestamp="2021-06-30T09:50:30 CDT" time="3.822" errors="0">
  <testcase name="read_certain_product" time="3.822" classname="testCases.Get_Read_specific_product"/>
  <system-out/>
</testsuite> <!-- testCases.Get_Read_specific_product -->
