<?xml version="1.0" encoding="UTF-8"?>
<!-- Generated by org.testng.reporters.JUnitReportReporter -->
<testsuite skipped="0" hostname="Alain-workstation" name="testCases.Post_create_a_product_with_imported_jsonFile" tests="1" failures="0" timestamp="2021-06-30T12:34:41 CDT" time="3.463" errors="0">
  <testcase name="create_certain_product_hybdrid" time="3.463" classname="testCases.Post_create_a_product_with_imported_jsonFile"/>
  <system-out/>
</testsuite> <!-- testCases.Post_create_a_product_with_imported_jsonFile -->
