<?xml version="1.0" encoding="UTF-8"?>
<!-- Generated by org.testng.reporters.JUnitReportReporter -->
<testsuite skipped="0" hostname="Alain-workstation" name="testCases.Post_create_a_product" tests="1" failures="0" timestamp="2021-06-30T12:18:44 CDT" time="3.729" errors="0">
  <testcase name="create_certain_product" time="3.729" classname="testCases.Post_create_a_product"/>
  <system-out/>
</testsuite> <!-- testCases.Post_create_a_product -->
